<?xml version="1.0" encoding="UTF-8"?>
<!-- Generated by org.testng.reporters.JUnitReportReporter -->
<testsuite hostname="SWEDSR" failures="0" tests="3" name="org.Testcases.SampleClassNew" time="0.003" errors="0" timestamp="2023-02-07T22:43:05 IST" skipped="1">
  <testcase classname="org.Testcases.SampleClassNew" name="MethodOne" time="0.002"/>
  <system-out/>
  <testcase classname="org.Testcases.SampleClassNew" name="MethodTwo" time="0.001"/>
  <system-out/>
  <testcase classname="org.Testcases.SampleClassNew" name="MethodThree">
    <skipped/>
  </testcase> <!-- MethodThree -->
  <system-out/>
</testsuite> <!-- org.Testcases.SampleClassNew -->
