<?xml version="1.0" encoding="UTF-8"?>
<!-- Generated by org.testng.reporters.JUnitReportReporter -->
<testsuite hostname="SWEDSR" failures="0" tests="3" name="org.Testcases.SampleClass" time="0.014" errors="0" timestamp="2023-02-07T22:43:05 IST" skipped="0">
  <testcase classname="org.Testcases.SampleClass" name="MethodOne" time="0.011"/>
  <system-out/>
  <testcase classname="org.Testcases.SampleClass" name="MethodTwo" time="0.002"/>
  <system-out/>
  <testcase classname="org.Testcases.SampleClass" name="MethodThree" time="0.001"/>
  <system-out/>
</testsuite> <!-- org.Testcases.SampleClass -->
